<?xml version="1.0" encoding="UTF-8"?>
<!-- Generated by org.testng.reporters.JUnitXMLReporter -->
<testsuite hostname="TORANA-L073" ignored="0" name="Amazon Test" tests="3" failures="3" timestamp="20 Apr 2021 13:50:12 GMT" time="11.293" errors="0">
  <testcase name="amazonTitleTest" time="0.001" classname="com.my.test.AmazonTestWithBM">
    <failure type="java.lang.NullPointerException">
      <![CDATA[java.lang.NullPointerException
at com.my.test.AmazonTestWithBM.amazonTitleTest(AmazonTestWithBM.java:15)
at java.util.concurrent.FutureTask.run(Unknown Source)
at java.util.concurrent.ThreadPoolExecutor.runWorker(Unknown Source)
at java.util.concurrent.ThreadPoolExecutor$Worker.run(Unknown Source)
at java.lang.Thread.run(Unknown Source)
... Removed 16 stack frames]]>
    </failure>
  </testcase> <!-- amazonTitleTest -->
  <testcase name="amazonUrlTest" time="0.0" classname="com.my.test.AmazonTestWithBM">
    <failure type="java.lang.NullPointerException">
      <![CDATA[java.lang.NullPointerException
at com.my.test.AmazonTestWithBM.amazonUrlTest(AmazonTestWithBM.java:24)
at java.util.concurrent.FutureTask.run(Unknown Source)
at java.util.concurrent.ThreadPoolExecutor.runWorker(Unknown Source)
at java.util.concurrent.ThreadPoolExecutor$Worker.run(Unknown Source)
at java.lang.Thread.run(Unknown Source)
... Removed 16 stack frames]]>
    </failure>
  </testcase> <!-- amazonUrlTest -->
  <testcase name="mobileLinkPresentTest" time="0.001" classname="com.my.test.AmazonTestWithBM">
    <failure type="java.lang.NullPointerException">
      <![CDATA[java.lang.NullPointerException
at com.my.test.AmazonTestWithBM.mobileLinkPresentTest(AmazonTestWithBM.java:32)
at java.util.concurrent.FutureTask.run(Unknown Source)
at java.util.concurrent.ThreadPoolExecutor.runWorker(Unknown Source)
at java.util.concurrent.ThreadPoolExecutor$Worker.run(Unknown Source)
at java.lang.Thread.run(Unknown Source)
... Removed 16 stack frames]]>
    </failure>
  </testcase> <!-- mobileLinkPresentTest -->
</testsuite> <!-- Amazon Test -->
