<?xml version="1.0" encoding="UTF-8"?>
<!-- Generated by org.testng.reporters.JUnitXMLReporter -->
<testsuite hostname="TORANA-L073" ignored="0" name="Google Test" tests="2" failures="2" timestamp="20 Apr 2021 13:50:09 GMT" time="8.748" errors="0">
  <testcase name="googleTitleTest" time="0.003" classname="com.my.test.GoogleTest">
    <failure type="java.lang.NullPointerException">
      <![CDATA[java.lang.NullPointerException
at com.my.test.GoogleTest.googleTitleTest(GoogleTest.java:15)
at java.util.concurrent.FutureTask.run(Unknown Source)
at java.util.concurrent.ThreadPoolExecutor.runWorker(Unknown Source)
at java.util.concurrent.ThreadPoolExecutor$Worker.run(Unknown Source)
at java.lang.Thread.run(Unknown Source)
... Removed 16 stack frames]]>
    </failure>
  </testcase> <!-- googleTitleTest -->
  <testcase name="googleUrlTest" time="0.001" classname="com.my.test.GoogleTest">
    <failure type="java.lang.NullPointerException">
      <![CDATA[java.lang.NullPointerException
at com.my.test.GoogleTest.googleUrlTest(GoogleTest.java:24)
at java.util.concurrent.FutureTask.run(Unknown Source)
at java.util.concurrent.ThreadPoolExecutor.runWorker(Unknown Source)
at java.util.concurrent.ThreadPoolExecutor$Worker.run(Unknown Source)
at java.lang.Thread.run(Unknown Source)
... Removed 16 stack frames]]>
    </failure>
  </testcase> <!-- googleUrlTest -->
</testsuite> <!-- Google Test -->
