<?xml version="1.0" encoding="UTF-8"?>
<!-- Generated by org.testng.reporters.JUnitXMLReporter -->
<testsuite hostname="TORANA-L073" ignored="0" name="Rediff Test" tests="2" failures="2" timestamp="20 Apr 2021 13:50:09 GMT" time="8.591" errors="0">
  <testcase name="rediffTitleTest" time="0.003" classname="com.my.test.RediffTest">
    <failure type="java.lang.NullPointerException">
      <![CDATA[java.lang.NullPointerException
at com.my.test.RediffTest.rediffTitleTest(RediffTest.java:16)
at java.util.concurrent.FutureTask.run(Unknown Source)
at java.util.concurrent.ThreadPoolExecutor.runWorker(Unknown Source)
at java.util.concurrent.ThreadPoolExecutor$Worker.run(Unknown Source)
at java.lang.Thread.run(Unknown Source)
... Removed 16 stack frames]]>
    </failure>
  </testcase> <!-- rediffTitleTest -->
  <testcase name="rediffUrlTest" time="0.001" classname="com.my.test.RediffTest">
    <failure type="java.lang.NullPointerException">
      <![CDATA[java.lang.NullPointerException
at com.my.test.RediffTest.rediffUrlTest(RediffTest.java:25)
at java.util.concurrent.FutureTask.run(Unknown Source)
at java.util.concurrent.ThreadPoolExecutor.runWorker(Unknown Source)
at java.util.concurrent.ThreadPoolExecutor$Worker.run(Unknown Source)
at java.lang.Thread.run(Unknown Source)
... Removed 16 stack frames]]>
    </failure>
  </testcase> <!-- rediffUrlTest -->
</testsuite> <!-- Rediff Test -->
